g:\game\fallen world\fallen world\debug\vc140.pdb
g:\game\fallen world\fallen world\debug\vc140.idb
g:\game\fallen world\fallen world\debug\application.obj
g:\game\fallen world\fallen world\debug\bullet.obj
g:\game\fallen world\fallen world\debug\enemy.obj
g:\game\fallen world\fallen world\debug\entity.obj
g:\game\fallen world\fallen world\debug\gamescreen.obj
g:\game\fallen world\fallen world\debug\guibutton.obj
g:\game\fallen world\fallen world\debug\guicontrol.obj
g:\game\fallen world\fallen world\debug\guiscreen.obj
g:\game\fallen world\fallen world\debug\guiscreenmainmenu.obj
g:\game\fallen world\fallen world\debug\guiscreennew.obj
g:\game\fallen world\fallen world\debug\guiscreenoptions.obj
g:\game\fallen world\fallen world\debug\guiscreenpause.obj
g:\game\fallen world\fallen world\debug\guiscreenstartup.obj
g:\game\fallen world\fallen world\debug\guitextbox.obj
g:\game\fallen world\fallen world\debug\main.obj
g:\game\fallen world\fallen world\debug\player.obj
g:\game\fallen world\fallen world\debug\screen.obj
g:\game\fallen world\fallen world\debug\star.obj
g:\game\fallen world\debug\fallen world.pdb
g:\game\fallen world\fallen world\debug\fallen world.tlog\cl.command.1.tlog
g:\game\fallen world\fallen world\debug\fallen world.tlog\cl.read.1.tlog
g:\game\fallen world\fallen world\debug\fallen world.tlog\cl.write.1.tlog
g:\game\fallen world\fallen world\debug\fallen world.tlog\link-cvtres.read.1.tlog
g:\game\fallen world\fallen world\debug\fallen world.tlog\link-cvtres.write.1.tlog
g:\game\fallen world\fallen world\debug\fallen world.tlog\link-rc.read.1.tlog
g:\game\fallen world\fallen world\debug\fallen world.tlog\link-rc.write.1.tlog
g:\game\fallen world\fallen world\debug\fallen world.tlog\link.command.1.tlog
g:\game\fallen world\fallen world\debug\fallen world.tlog\link.read.1.tlog
g:\game\fallen world\fallen world\debug\fallen world.tlog\link.write.1.tlog
