Build started 09.05.2016 18:56:27.
     1>Project "G:\Game\Fallen World\Fallen World\Fallen World.vcxproj" on node 2 (Build target(s)).
     1>ClCompile:
         C:\Program Files (x86)\Microsoft Visual Studio 14.0\VC\bin\CL.exe /c /IG:\Game\SFML\include /ZI /nologo /W3 /WX- /sdl /Od /Oy- /D _MBCS /Gm /EHsc /RTC1 /MDd /GS /fp:precise /Zc:wchar_t /Zc:forScope /Zc:inline /Fo"Debug\\" /Fd"Debug\vc140.pdb" /Gd /TP /analyze- /errorReport:prompt GuiButton.cpp
         GuiButton.cpp
       Link:
         C:\Program Files (x86)\Microsoft Visual Studio 14.0\VC\bin\link.exe /ERRORREPORT:PROMPT /OUT:"G:\Game\Fallen World\Debug\Fallen World.exe" /INCREMENTAL /NOLOGO /LIBPATH:G:\Game\SFML\lib "sfml-graphics-d.lib" "sfml-window-d.lib" "sfml-system-d.lib" "sfml-audio-d.lib" kernel32.lib user32.lib gdi32.lib winspool.lib comdlg32.lib advapi32.lib shell32.lib ole32.lib oleaut32.lib uuid.lib odbc32.lib odbccp32.lib kernel32.lib user32.lib gdi32.lib winspool.lib comdlg32.lib advapi32.lib shell32.lib ole32.lib oleaut32.lib uuid.lib odbc32.lib odbccp32.lib kernel32.lib user32.lib gdi32.lib winspool.lib comdlg32.lib advapi32.lib shell32.lib ole32.lib oleaut32.lib uuid.lib odbc32.lib odbccp32.lib /MANIFEST /MANIFESTUAC:"level='asInvoker' uiAccess='false'" /manifest:embed /Debug /PDB:"G:\Game\Fallen World\Debug\Fallen World.pdb" /TLBID:1 /DYNAMICBASE /NXCOMPAT /IMPLIB:"G:\Game\Fallen World\Debug\Fallen World.lib" /MACHINE:X86 Debug\Application.obj
         Debug\Entity.obj
         Debug\EntityBullet.obj
         Debug\EntityEnemy.obj
         Debug\EntityExplosion.obj
         Debug\EntityParticle.obj
         Debug\EntityPlayer.obj
         Debug\EntityShipwreck.obj
         Debug\EntityStar.obj
         Debug\GameFile.obj
         Debug\GameFileSave.obj
         Debug\GameFileScores.obj
         Debug\GameScreen.obj
         Debug\GuiButton.obj
         Debug\GuiControl.obj
         Debug\GuiScreen.obj
         Debug\GuiScreenMainMenu.obj
         Debug\GuiScreenNew.obj
         Debug\GuiScreenOptions.obj
         Debug\GuiScreenPause.obj
         Debug\GuiScreenShop.obj
         Debug\GuiScreenStartup.obj
         Debug\GuiTextBox.obj
         Debug\main.obj
         Debug\Screen.obj
         Fallen World.vcxproj -> G:\Game\Fallen World\Debug\Fallen World.exe
     1>Done Building Project "G:\Game\Fallen World\Fallen World\Fallen World.vcxproj" (Build target(s)).

Build succeeded.

Time Elapsed 00:00:04.82
