Build started 14.05.2016 21:23:10.
     1>Project "G:\Game\Fallen World\Fallen World\Fallen World.vcxproj" on node 2 (Build target(s)).
     1>ClCompile:
         C:\Program Files (x86)\Microsoft Visual Studio 14.0\VC\bin\CL.exe /c /IG:\Game\SFML\include /Zi /nologo /W3 /WX- /sdl /O2 /Oi /Oy- /GL /D _MBCS /Gm- /EHsc /MD /GS /Gy /fp:precise /Zc:wchar_t /Zc:forScope /Zc:inline /Fo"Release\\" /Fd"Release\vc140.pdb" /Gd /TP /analyze- /errorReport:prompt GameScreen.cpp
         GameScreen.cpp
       Link:
         C:\Program Files (x86)\Microsoft Visual Studio 14.0\VC\bin\link.exe /ERRORREPORT:PROMPT /OUT:"G:\Game\Fallen World\Release\Fallen World.exe" /NOLOGO /LIBPATH:G:\Game\SFML\lib "sfml-graphics.lib" "sfml-window.lib" "sfml-system.lib" "sfml-audio.lib" kernel32.lib user32.lib gdi32.lib winspool.lib comdlg32.lib advapi32.lib shell32.lib ole32.lib oleaut32.lib uuid.lib odbc32.lib odbccp32.lib kernel32.lib user32.lib gdi32.lib winspool.lib comdlg32.lib advapi32.lib shell32.lib ole32.lib oleaut32.lib uuid.lib odbc32.lib odbccp32.lib kernel32.lib user32.lib gdi32.lib winspool.lib comdlg32.lib advapi32.lib shell32.lib ole32.lib oleaut32.lib uuid.lib odbc32.lib odbccp32.lib /MANIFEST /MANIFESTUAC:"level='asInvoker' uiAccess='false'" /manifest:embed /Debug /PDB:"G:\Game\Fallen World\Release\Fallen World.pdb" /OPT:REF /OPT:ICF /LTCG:incremental /TLBID:1 /DYNAMICBASE /NXCOMPAT /IMPLIB:"G:\Game\Fallen World\Release\Fallen World.lib" /MACHINE:X86 /SAFESEH Release\Application.obj
         Release\Entity.obj
         Release\EntityBullet.obj
         Release\EntityEnemy.obj
         Release\EntityExplosion.obj
         Release\EntityParticle.obj
         Release\EntityPlayer.obj
         Release\EntityShipwreck.obj
         Release\EntityStar.obj
         Release\GameFile.obj
         Release\GameFileSave.obj
         Release\GameFileScores.obj
         Release\GameScreen.obj
         Release\GuiButton.obj
         Release\GuiControl.obj
         Release\GuiScreen.obj
         Release\GuiScreenMainMenu.obj
         Release\GuiScreenNew.obj
         Release\GuiScreenOptions.obj
         Release\GuiScreenPause.obj
         Release\GuiScreenShop.obj
         Release\GuiScreenStartup.obj
         Release\GuiTextBox.obj
         Release\main.obj
         Release\Screen.obj
         Generating code
         2 of 1780 functions ( 0.1%) were compiled, the rest were copied from previous compilation.
           0 functions were new in current compilation
           0 functions had inline decision re-evaluated but remain unchanged
         Finished generating code
         Fallen World.vcxproj -> G:\Game\Fallen World\Release\Fallen World.exe
     1>Done Building Project "G:\Game\Fallen World\Fallen World\Fallen World.vcxproj" (Build target(s)).

Build succeeded.

Time Elapsed 00:00:08.64
